<?xml version="1.0" encoding="UTF-8"?>
<!-- Generated by org.testng.reporters.JUnitReportReporter -->
<testsuite skipped="0" hostname="DESKTOP-5V9R9TL" name="com.class01.TaskNG" tests="4" failures="0" timestamp="2020-01-11T14:09:14 EST" time="0.018" errors="0">
  <testcase name="ChelseaWon" time="0.002" classname="com.class01.TaskNG"/>
  <testcase name="wePlayed" time="0.002" classname="com.class01.TaskNG"/>
  <testcase name="ChelseaLost" time="0.012" classname="com.class01.TaskNG"/>
  <testcase name="weDidNotPlay" time="0.002" classname="com.class01.TaskNG"/>
</testsuite> <!-- com.class01.TaskNG -->
