<?xml version="1.0" encoding="UTF-8"?>
<!-- Generated by org.testng.reporters.JUnitReportReporter -->
<testsuite skipped="0" hostname="DESKTOP-5V9R9TL" name="com.class03.AlwaysRun" tests="2" failures="0" timestamp="2020-01-14T20:33:13 EST" time="0.005" errors="0">
  <testcase name="test1" time="0.001" classname="com.class03.AlwaysRun"/>
  <testcase name="test" time="0.004" classname="com.class03.AlwaysRun"/>
</testsuite> <!-- com.class03.AlwaysRun -->
