<?xml version="1.0" encoding="UTF-8"?>
<!-- Generated by org.testng.reporters.JUnitReportReporter -->
<testsuite skipped="0" hostname="DESKTOP-5V9R9TL" name="com.class03.DataProviderDemo" tests="4" failures="0" timestamp="2020-01-14T21:50:04 EST" time="57.452" errors="0">
  <testcase name="logIn2" time="15.093" classname="com.class03.DataProviderDemo"/>
  <testcase name="logIn" time="14.478" classname="com.class03.DataProviderDemo"/>
  <testcase name="logIn2" time="14.417" classname="com.class03.DataProviderDemo"/>
  <testcase name="logIn2" time="13.464" classname="com.class03.DataProviderDemo"/>
</testsuite> <!-- com.class03.DataProviderDemo -->
