<?xml version="1.0" encoding="UTF-8"?>
<!-- Generated by org.testng.reporters.JUnitReportReporter -->
<testsuite skipped="0" hostname="DESKTOP-5V9R9TL" name="com.class01.Task2" tests="2" failures="0" timestamp="2020-01-11T14:29:07 EST" time="0.008" errors="0">
  <testcase name="testTwo" time="0.004" classname="com.class01.Task2"/>
  <testcase name="testOne" time="0.004" classname="com.class01.Task2"/>
</testsuite> <!-- com.class01.Task2 -->
