<?xml version="1.0" encoding="UTF-8"?>
<!-- Generated by org.testng.reporters.JUnitReportReporter -->
<testsuite skipped="0" hostname="DESKTOP-5V9R9TL" name="com.class01.DifferentAnnotations" tests="1" failures="0" timestamp="2020-01-11T14:21:39 EST" time="0.005" errors="0">
  <testcase name="Test" time="0.005" classname="com.class01.DifferentAnnotations"/>
</testsuite> <!-- com.class01.DifferentAnnotations -->
