<?xml version="1.0" encoding="UTF-8"?>
<!-- Generated by org.testng.reporters.JUnitReportReporter -->
<testsuite skipped="0" hostname="DESKTOP-5V9R9TL" name="com.class01.TitleLogoAndLoginVerification" tests="3" failures="0" timestamp="2020-01-12T10:03:55 EST" time="36.055" errors="0">
  <testcase name="logoValidation" time="11.239" classname="com.class01.TitleLogoAndLoginVerification"/>
  <testcase name="validLogin" time="13.746" classname="com.class01.TitleLogoAndLoginVerification"/>
  <testcase name="titleVerification" time="11.070" classname="com.class01.TitleLogoAndLoginVerification"/>
</testsuite> <!-- com.class01.TitleLogoAndLoginVerification -->
