<?xml version="1.0" encoding="UTF-8"?>
<!-- Generated by org.testng.reporters.JUnitReportReporter -->
<testsuite skipped="1" hostname="DESKTOP-5V9R9TL" name="com.hrms.testcases.AddEmployeesPageTest" tests="1" failures="0" timestamp="2020-01-25T13:52:00 EST" time="0.000" errors="0">
  <testcase name="addMultipleEmpoyee" time="0.000" classname="com.hrms.testcases.AddEmployeesPageTest">
    <skipped/>
  </testcase> <!-- addMultipleEmpoyee -->
</testsuite> <!-- com.hrms.testcases.AddEmployeesPageTest -->
