<?xml version="1.0" encoding="UTF-8"?>
<!-- Generated by org.testng.reporters.JUnitReportReporter -->
<testsuite skipped="0" hostname="DESKTOP-5V9R9TL" name="com.practice.ExcelWriting" tests="1" failures="0" timestamp="2020-01-23T20:22:25 EST" time="0.479" errors="0">
  <testcase name="write" time="0.479" classname="com.practice.ExcelWriting"/>
</testsuite> <!-- com.practice.ExcelWriting -->
