<?xml version="1.0" encoding="UTF-8"?>
<!-- Generated by org.testng.reporters.JUnitReportReporter -->
<testsuite skipped="0" hostname="DESKTOP-5V9R9TL" name="com.practice.XLRecap" tests="1" failures="0" timestamp="2020-01-23T20:04:40 EST" time="0.357" errors="0">
  <testcase name="read" time="0.357" classname="com.practice.XLRecap"/>
</testsuite> <!-- com.practice.XLRecap -->
