<?xml version="1.0" encoding="UTF-8"?>
<!-- Generated by org.testng.reporters.JUnitReportReporter -->
<testsuite skipped="5" hostname="DESKTOP-5V9R9TL" name="com.hrms.testcases.LoginPageTest" tests="5" failures="0" timestamp="2020-01-25T11:44:32 EST" time="51.669" errors="0">
  <testcase name="multipleLogin" time="10.204" classname="com.hrms.testcases.LoginPageTest">
    <skipped/>
  </testcase> <!-- multipleLogin -->
  <testcase name="multipleLogin" time="10.157" classname="com.hrms.testcases.LoginPageTest">
    <skipped/>
  </testcase> <!-- multipleLogin -->
  <testcase name="multipleLogin" time="10.833" classname="com.hrms.testcases.LoginPageTest">
    <skipped/>
  </testcase> <!-- multipleLogin -->
  <testcase name="login" time="10.232" classname="com.hrms.testcases.LoginPageTest">
    <skipped/>
  </testcase> <!-- login -->
  <testcase name="noLoginInfo" time="10.243" classname="com.hrms.testcases.LoginPageTest">
    <skipped/>
  </testcase> <!-- noLoginInfo -->
</testsuite> <!-- com.hrms.testcases.LoginPageTest -->
