<?xml version="1.0" encoding="UTF-8"?>
<!-- Generated by org.testng.reporters.JUnitReportReporter -->
<testsuite skipped="0" hostname="DESKTOP-5V9R9TL" name="com.syntax.hrms.PimModule" tests="3" failures="0" timestamp="2020-01-22T19:42:23 EST" time="0.009" errors="0">
  <testcase name="validatePimModule" time="0.006" classname="com.syntax.hrms.PimModule"/>
  <testcase name="removeEmployee" time="0.002" classname="com.syntax.hrms.PimModule"/>
  <testcase name="validateAddEmployee" time="0.001" classname="com.syntax.hrms.PimModule"/>
</testsuite> <!-- com.syntax.hrms.PimModule -->
