<?xml version="1.0" encoding="UTF-8"?>
<!-- Generated by org.testng.reporters.JUnitReportReporter -->
<testsuite skipped="0" hostname="DESKTOP-5V9R9TL" name="com.syntax.hrms.LeaveList" tests="1" failures="0" timestamp="2020-01-22T19:42:23 EST" time="0.007" errors="0">
  <testcase name="validateLeaveList" time="0.007" classname="com.syntax.hrms.LeaveList"/>
</testsuite> <!-- com.syntax.hrms.LeaveList -->
