<?xml version="1.0" encoding="UTF-8"?>
<!-- Generated by org.testng.reporters.JUnitReportReporter -->
<testsuite skipped="0" hostname="DESKTOP-5V9R9TL" name="com.syntax.testcases.PimModule" tests="3" failures="0" timestamp="2020-01-22T20:12:53 EST" time="0.013" errors="0">
  <testcase name="removeEmployee" time="0.012" classname="com.syntax.testcases.PimModule"/>
  <testcase name="validatePimModule" time="0.000" classname="com.syntax.testcases.PimModule"/>
  <testcase name="validateAddEmployee" time="0.001" classname="com.syntax.testcases.PimModule"/>
</testsuite> <!-- com.syntax.testcases.PimModule -->
