<?xml version="1.0" encoding="UTF-8"?>
<!-- Generated by org.testng.reporters.JUnitReportReporter -->
<testsuite skipped="0" hostname="DESKTOP-5V9R9TL" name="com.syntax.testcases.LeaveModule" tests="3" failures="0" timestamp="2020-01-22T20:12:53 EST" time="0.005" errors="0">
  <testcase name="validateLeaveModule" time="0.003" classname="com.syntax.testcases.LeaveModule"/>
  <testcase name="returnDate" time="0.001" classname="com.syntax.testcases.LeaveModule"/>
  <testcase name="leaveDate" time="0.001" classname="com.syntax.testcases.LeaveModule"/>
</testsuite> <!-- com.syntax.testcases.LeaveModule -->
