<?xml version="1.0" encoding="UTF-8"?>
<!-- Generated by org.testng.reporters.JUnitReportReporter -->
<testsuite skipped="0" hostname="DESKTOP-5V9R9TL" name="com.syntax.testcases.LeaveList" tests="1" failures="0" timestamp="2020-01-22T20:12:53 EST" time="0.002" errors="0">
  <testcase name="validateLeaveList" time="0.002" classname="com.syntax.testcases.LeaveList"/>
</testsuite> <!-- com.syntax.testcases.LeaveList -->
