<?xml version="1.0" encoding="UTF-8"?>
<!-- Generated by org.testng.reporters.JUnitReportReporter -->
<testsuite skipped="0" hostname="DESKTOP-5V9R9TL" name="com.syntax.hrms.ReportModule" tests="3" failures="0" timestamp="2020-01-22T19:42:23 EST" time="0.007" errors="0">
  <testcase name="openReport" time="0.003" classname="com.syntax.hrms.ReportModule"/>
  <testcase name="closeReport" time="0.002" classname="com.syntax.hrms.ReportModule"/>
  <testcase name="validateReportModule" time="0.002" classname="com.syntax.hrms.ReportModule"/>
</testsuite> <!-- com.syntax.hrms.ReportModule -->
