<?xml version="1.0" encoding="UTF-8"?>
<!-- Generated by org.testng.reporters.JUnitReportReporter -->
<testsuite skipped="0" hostname="DESKTOP-5V9R9TL" name="com.syntax.hrms.LeaveModule" tests="3" failures="0" timestamp="2020-01-22T19:42:23 EST" time="0.003" errors="0">
  <testcase name="returnDate" time="0.000" classname="com.syntax.hrms.LeaveModule"/>
  <testcase name="leaveDate" time="0.001" classname="com.syntax.hrms.LeaveModule"/>
  <testcase name="validateLeaveModule" time="0.002" classname="com.syntax.hrms.LeaveModule"/>
</testsuite> <!-- com.syntax.hrms.LeaveModule -->
