<?xml version="1.0" encoding="UTF-8"?>
<!-- Generated by org.testng.reporters.JUnitReportReporter -->
<testsuite skipped="0" hostname="DESKTOP-5V9R9TL" name="com.syntax.testcases.ReportModule" tests="3" failures="0" timestamp="2020-01-22T20:12:53 EST" time="0.007" errors="0">
  <testcase name="openReport" time="0.004" classname="com.syntax.testcases.ReportModule"/>
  <testcase name="closeReport" time="0.001" classname="com.syntax.testcases.ReportModule"/>
  <testcase name="validateReportModule" time="0.002" classname="com.syntax.testcases.ReportModule"/>
</testsuite> <!-- com.syntax.testcases.ReportModule -->
